<?xml version="1.0" encoding="UTF-8"?>
<coverage generated="1765344662797" clover="3.2.0">
  <project timestamp="1765344662797" name="All files">
    <metrics statements="23" coveredstatements="23" conditionals="10" coveredconditionals="10" methods="12" coveredmethods="12" elements="45" coveredelements="45" complexity="0" loc="23" ncloc="23" packages="1" files="2" classes="2"/>
    <file name="AddTodoForm.jsx" path="C:\Users\user\alx-fe-reactjs\react-todo\src\components\AddTodoForm.jsx">
      <metrics statements="9" coveredstatements="9" conditionals="2" coveredconditionals="2" methods="3" coveredmethods="3"/>
      <line num="3" count="1" type="stmt"/>
      <line num="4" count="28" type="stmt"/>
      <line num="6" count="28" type="stmt"/>
      <line num="7" count="6" type="stmt"/>
      <line num="8" count="6" type="cond" truecount="2" falsecount="0"/>
      <line num="9" count="5" type="stmt"/>
      <line num="10" count="5" type="stmt"/>
      <line num="14" count="28" type="stmt"/>
      <line num="19" count="6" type="stmt"/>
    </file>
    <file name="TodoList.jsx" path="C:\Users\user\alx-fe-reactjs\react-todo\src\components\TodoList.jsx">
      <metrics statements="14" coveredstatements="14" conditionals="8" coveredconditionals="8" methods="9" coveredmethods="9"/>
      <line num="4" count="1" type="stmt"/>
      <line num="5" count="22" type="stmt"/>
      <line num="12" count="22" type="stmt"/>
      <line num="13" count="5" type="stmt"/>
      <line num="18" count="5" type="stmt"/>
      <line num="22" count="22" type="stmt"/>
      <line num="23" count="2" type="stmt"/>
      <line num="25" count="6" type="cond" truecount="2" falsecount="0"/>
      <line num="31" count="22" type="stmt"/>
      <line num="32" count="13" type="stmt"/>
      <line num="35" count="22" type="stmt"/>
      <line num="46" count="65" type="stmt"/>
      <line num="60" count="2" type="stmt"/>
      <line num="72" count="5" type="stmt"/>
    </file>
  </project>
</coverage>
