{"C:\\Users\\user\\alx-fe-reactjs\\react-todo\\src\\components\\AddTodoForm.jsx": {"path":"C:\\Users\\user\\alx-fe-reactjs\\react-todo\\src\\components\\AddTodoForm.jsx","statementMap":{"0":{"start":{"line":3,"column":20},"end":{"line":46,"column":1}},"1":{"start":{"line":4,"column":38},"end":{"line":4,"column":50}},"2":{"start":{"line":6,"column":23},"end":{"line":12,"column":3}},"3":{"start":{"line":7,"column":4},"end":{"line":7,"column":23}},"4":{"start":{"line":8,"column":4},"end":{"line":11,"column":5}},"5":{"start":{"line":9,"column":6},"end":{"line":9,"column":35}},"6":{"start":{"line":10,"column":6},"end":{"line":10,"column":24}},"7":{"start":{"line":14,"column":2},"end":{"line":45,"column":4}},"8":{"start":{"line":19,"column":25},"end":{"line":19,"column":54}}},"fnMap":{"0":{"name":"(anonymous_0)","decl":{"start":{"line":3,"column":20},"end":{"line":3,"column":21}},"loc":{"start":{"line":3,"column":39},"end":{"line":46,"column":1}},"line":3},"1":{"name":"(anonymous_1)","decl":{"start":{"line":6,"column":23},"end":{"line":6,"column":24}},"loc":{"start":{"line":6,"column":30},"end":{"line":12,"column":3}},"line":6},"2":{"name":"(anonymous_2)","decl":{"start":{"line":19,"column":18},"end":{"line":19,"column":19}},"loc":{"start":{"line":19,"column":25},"end":{"line":19,"column":54}},"line":19}},"branchMap":{"0":{"loc":{"start":{"line":8,"column":4},"end":{"line":11,"column":5}},"type":"if","locations":[{"start":{"line":8,"column":4},"end":{"line":11,"column":5}},{"start":{},"end":{}}],"line":8}},"s":{"0":1,"1":28,"2":28,"3":6,"4":6,"5":5,"6":5,"7":28,"8":6},"f":{"0":28,"1":6,"2":6},"b":{"0":[5,1]},"_coverageSchema":"1a1c01bbd47fc00a2c39e90264f33305004495a9","hash":"2648bf44b73af0a1d44e58230f7a034ec4db3d70"}
,"C:\\Users\\user\\alx-fe-reactjs\\react-todo\\src\\components\\TodoList.jsx": {"path":"C:\\Users\\user\\alx-fe-reactjs\\react-todo\\src\\components\\TodoList.jsx","statementMap":{"0":{"start":{"line":4,"column":17},"end":{"line":91,"column":1}},"1":{"start":{"line":5,"column":28},"end":{"line":9,"column":4}},"2":{"start":{"line":12,"column":18},"end":{"line":19,"column":3}},"3":{"start":{"line":13,"column":20},"end":{"line":17,"column":5}},"4":{"start":{"line":18,"column":4},"end":{"line":18,"column":34}},"5":{"start":{"line":22,"column":21},"end":{"line":28,"column":3}},"6":{"start":{"line":23,"column":4},"end":{"line":27,"column":6}},"7":{"start":{"line":25,"column":8},"end":{"line":25,"column":71}},"8":{"start":{"line":31,"column":21},"end":{"line":33,"column":3}},"9":{"start":{"line":32,"column":4},"end":{"line":32,"column":53}},"10":{"start":{"line":32,"column":36},"end":{"line":32,"column":50}},"11":{"start":{"line":35,"column":2},"end":{"line":90,"column":4}},"12":{"start":{"line":46,"column":12},"end":{"line":85,"column":17}},"13":{"start":{"line":60,"column":31},"end":{"line":60,"column":50}},"14":{"start":{"line":72,"column":31},"end":{"line":72,"column":50}}},"fnMap":{"0":{"name":"(anonymous_0)","decl":{"start":{"line":4,"column":17},"end":{"line":4,"column":18}},"loc":{"start":{"line":4,"column":23},"end":{"line":91,"column":1}},"line":4},"1":{"name":"(anonymous_1)","decl":{"start":{"line":12,"column":18},"end":{"line":12,"column":19}},"loc":{"start":{"line":12,"column":28},"end":{"line":19,"column":3}},"line":12},"2":{"name":"(anonymous_2)","decl":{"start":{"line":22,"column":21},"end":{"line":22,"column":22}},"loc":{"start":{"line":22,"column":29},"end":{"line":28,"column":3}},"line":22},"3":{"name":"(anonymous_3)","decl":{"start":{"line":24,"column":16},"end":{"line":24,"column":17}},"loc":{"start":{"line":25,"column":8},"end":{"line":25,"column":71}},"line":25},"4":{"name":"(anonymous_4)","decl":{"start":{"line":31,"column":21},"end":{"line":31,"column":22}},"loc":{"start":{"line":31,"column":29},"end":{"line":33,"column":3}},"line":31},"5":{"name":"(anonymous_5)","decl":{"start":{"line":32,"column":26},"end":{"line":32,"column":27}},"loc":{"start":{"line":32,"column":36},"end":{"line":32,"column":50}},"line":32},"6":{"name":"(anonymous_6)","decl":{"start":{"line":45,"column":21},"end":{"line":45,"column":22}},"loc":{"start":{"line":46,"column":12},"end":{"line":85,"column":17}},"line":46},"7":{"name":"(anonymous_7)","decl":{"start":{"line":60,"column":25},"end":{"line":60,"column":26}},"loc":{"start":{"line":60,"column":31},"end":{"line":60,"column":50}},"line":60},"8":{"name":"(anonymous_8)","decl":{"start":{"line":72,"column":25},"end":{"line":72,"column":26}},"loc":{"start":{"line":72,"column":31},"end":{"line":72,"column":50}},"line":72}},"branchMap":{"0":{"loc":{"start":{"line":25,"column":8},"end":{"line":25,"column":71}},"type":"cond-expr","locations":[{"start":{"line":25,"column":25},"end":{"line":25,"column":64}},{"start":{"line":25,"column":67},"end":{"line":25,"column":71}}],"line":25},"1":{"loc":{"start":{"line":41,"column":7},"end":{"line":88,"column":7}},"type":"cond-expr","locations":[{"start":{"line":42,"column":8},"end":{"line":42,"column":90}},{"start":{"line":44,"column":8},"end":{"line":87,"column":13}}],"line":41},"2":{"loc":{"start":{"line":64,"column":34},"end":{"line":64,"column":74}},"type":"cond-expr","locations":[{"start":{"line":64,"column":51},"end":{"line":64,"column":65}},{"start":{"line":64,"column":68},"end":{"line":64,"column":74}}],"line":64},"3":{"loc":{"start":{"line":65,"column":25},"end":{"line":65,"column":57}},"type":"cond-expr","locations":[{"start":{"line":65,"column":42},"end":{"line":65,"column":48}},{"start":{"line":65,"column":51},"end":{"line":65,"column":57}}],"line":65}},"s":{"0":1,"1":22,"2":22,"3":5,"4":5,"5":22,"6":2,"7":6,"8":22,"9":5,"10":13,"11":22,"12":65,"13":2,"14":5},"f":{"0":22,"1":5,"2":2,"3":6,"4":5,"5":13,"6":65,"7":2,"8":5},"b":{"0":[2,4],"1":[1,21],"2":[1,64],"3":[1,64]},"_coverageSchema":"1a1c01bbd47fc00a2c39e90264f33305004495a9","hash":"6f83cd0bad44e70cf404af8e524114e83197cf5b"}
}
