TN:
SF:src\components\AddTodoForm.jsx
FN:3,(anonymous_0)
FN:6,(anonymous_1)
FN:19,(anonymous_2)
FNF:3
FNH:3
FNDA:28,(anonymous_0)
FNDA:6,(anonymous_1)
FNDA:6,(anonymous_2)
DA:3,1
DA:4,28
DA:6,28
DA:7,6
DA:8,6
DA:9,5
DA:10,5
DA:14,28
DA:19,6
LF:9
LH:9
BRDA:8,0,0,5
BRDA:8,0,1,1
BRF:2
BRH:2
end_of_record
TN:
SF:src\components\TodoList.jsx
FN:4,(anonymous_0)
FN:12,(anonymous_1)
FN:22,(anonymous_2)
FN:24,(anonymous_3)
FN:31,(anonymous_4)
FN:32,(anonymous_5)
FN:45,(anonymous_6)
FN:60,(anonymous_7)
FN:72,(anonymous_8)
FNF:9
FNH:9
FNDA:22,(anonymous_0)
FNDA:5,(anonymous_1)
FNDA:2,(anonymous_2)
FNDA:6,(anonymous_3)
FNDA:5,(anonymous_4)
FNDA:13,(anonymous_5)
FNDA:65,(anonymous_6)
FNDA:2,(anonymous_7)
FNDA:5,(anonymous_8)
DA:4,1
DA:5,22
DA:12,22
DA:13,5
DA:18,5
DA:22,22
DA:23,2
DA:25,6
DA:31,22
DA:32,13
DA:35,22
DA:46,65
DA:60,2
DA:72,5
LF:14
LH:14
BRDA:25,0,0,2
BRDA:25,0,1,4
BRDA:41,1,0,1
BRDA:41,1,1,21
BRDA:64,2,0,1
BRDA:64,2,1,64
BRDA:65,3,0,1
BRDA:65,3,1,64
BRF:8
BRH:8
end_of_record
